# JRE version: Java(TM) SE Runtime Environment (7.0_79-b15) (build 1.7.0_79-b15)
# Java VM: Java HotSpot(TM) 64-Bit Server VM (24.79-b02 mixed mode linux-amd64 compressed oops)
Heap
 def new generation   total 15488K, used 0K [0x00000000f1a00000, 0x00000000f2ac0000, 0x00000000f4b50000)
  eden space 13824K,   0% used [0x00000000f1a00000, 0x00000000f1a00000, 0x00000000f2780000)
  from space 1664K,   0% used [0x00000000f2780000, 0x00000000f2780000, 0x00000000f2920000)
  to   space 1664K,   0% used [0x00000000f2920000, 0x00000000f2920000, 0x00000000f2ac0000)
 tenured generation   total 34092K, used 30477K [0x00000000f4b50000, 0x00000000f6c9b000, 0x00000000fae00000)
   the space 34092K,  89% used [0x00000000f4b50000, 0x00000000f69136d0, 0x00000000f6913800, 0x00000000f6c9b000)
 compacting perm gen  total 31680K, used 31382K [0x00000000fae00000, 0x00000000fccf0000, 0x0000000100000000)
   the space 31680K,  99% used [0x00000000fae00000, 0x00000000fcca5a08, 0x00000000fcca5c00, 0x00000000fccf0000)
GC Heap History (10 events):
Event: 134.886 GC heap after
Heap after GC invocations=1222 (full 5):
 def new generation   total 15488K, used 514K [0x00000000f1a00000, 0x00000000f2ac0000, 0x00000000f4b50000)
  eden space 13824K,   0% used [0x00000000f1a00000, 0x00000000f1a00000, 0x00000000f2780000)
  from space 1664K,  30% used [0x00000000f2920000, 0x00000000f29a0970, 0x00000000f2ac0000)
  to   space 1664K,   0% used [0x00000000f2780000, 0x00000000f2780000, 0x00000000f2920000)
 tenured generation   total 33900K, used 33733K [0x00000000f4b50000, 0x00000000f6c6b000, 0x00000000fae00000)
   the space 33900K,  99% used [0x00000000f4b50000, 0x00000000f6c41798, 0x00000000f6c41800, 0x00000000f6c6b000)
 compacting perm gen  total 31680K, used 31382K [0x00000000fae00000, 0x00000000fccf0000, 0x0000000100000000)
   the space 31680K,  99% used [0x00000000fae00000, 0x00000000fcca5a08, 0x00000000fcca5c00, 0x00000000fccf0000)
No shared spaces configured.
}
Event: 134.995 GC heap before
{Heap before GC invocations=1222 (full 5):
 def new generation   total 15488K, used 14316K [0x00000000f1a00000, 0x00000000f2ac0000, 0x00000000f4b50000)
  eden space 13824K,  99% used [0x00000000f1a00000, 0x00000000f277a860, 0x00000000f2780000)
  from space 1664K,  30% used [0x00000000f2920000, 0x00000000f29a0970, 0x00000000f2ac0000)
  to   space 1664K,   0% used [0x00000000f2780000, 0x00000000f2780000, 0x00000000f2920000)
 tenured generation   total 33900K, used 33733K [0x00000000f4b50000, 0x00000000f6c6b000, 0x00000000fae00000)
   the space 33900K,  99% used [0x00000000f4b50000, 0x00000000f6c41798, 0x00000000f6c41800, 0x00000000f6c6b000)
 compacting perm gen  total 31680K, used 31382K [0x00000000fae00000, 0x00000000fccf0000, 0x0000000100000000)
   the space 31680K,  99% used [0x00000000fae00000, 0x00000000fcca5a08, 0x00000000fcca5c00, 0x00000000fccf0000)
No shared spaces configured.
Event: 134.999 GC heap after
Heap after GC invocations=1223 (full 5):
 def new generation   total 15488K, used 512K [0x00000000f1a00000, 0x00000000f2ac0000, 0x00000000f4b50000)
  eden space 13824K,   0% used [0x00000000f1a00000, 0x00000000f1a00000, 0x00000000f2780000)
  from space 1664K,  30% used [0x00000000f2780000, 0x00000000f2800060, 0x00000000f2920000)
  to   space 1664K,   0% used [0x00000000f2920000, 0x00000000f2920000, 0x00000000f2ac0000)
 tenured generation   total 33900K, used 33764K [0x00000000f4b50000, 0x00000000f6c6b000, 0x00000000fae00000)
   the space 33900K,  99% used [0x00000000f4b50000, 0x00000000f6c49258, 0x00000000f6c49400, 0x00000000f6c6b000)
 compacting perm gen  total 31680K, used 31382K [0x00000000fae00000, 0x00000000fccf0000, 0x0000000100000000)
   the space 31680K,  99% used [0x00000000fae00000, 0x00000000fcca5a08, 0x00000000fcca5c00, 0x00000000fccf0000)
No shared spaces configured.
}
Event: 135.109 GC heap before
{Heap before GC invocations=1223 (full 5):
 def new generation   total 15488K, used 14310K [0x00000000f1a00000, 0x00000000f2ac0000, 0x00000000f4b50000)
  eden space 13824K,  99% used [0x00000000f1a00000, 0x00000000f2779a50, 0x00000000f2780000)
  from space 1664K,  30% used [0x00000000f2780000, 0x00000000f2800060, 0x00000000f2920000)
  to   space 1664K,   0% used [0x00000000f2920000, 0x00000000f2920000, 0x00000000f2ac0000)
 tenured generation   total 33900K, used 33764K [0x00000000f4b50000, 0x00000000f6c6b000, 0x00000000fae00000)
   the space 33900K,  99% used [0x00000000f4b50000, 0x00000000f6c49258, 0x00000000f6c49400, 0x00000000f6c6b000)
 compacting perm gen  total 31680K, used 31382K [0x00000000fae00000, 0x00000000fccf0000, 0x0000000100000000)
   the space 31680K,  99% used [0x00000000fae00000, 0x00000000fcca5a08, 0x00000000fcca5c00, 0x00000000fccf0000)
No shared spaces configured.
Event: 135.114 GC heap after
Heap after GC invocations=1224 (full 5):
 def new generation   total 15488K, used 512K [0x00000000f1a00000, 0x00000000f2ac0000, 0x00000000f4b50000)
  eden space 13824K,   0% used [0x00000000f1a00000, 0x00000000f1a00000, 0x00000000f2780000)
  from space 1664K,  30% used [0x00000000f2920000, 0x00000000f29a00a8, 0x00000000f2ac0000)
  to   space 1664K,   0% used [0x00000000f2780000, 0x00000000f2780000, 0x00000000f2920000)
 tenured generation   total 33900K, used 33794K [0x00000000f4b50000, 0x00000000f6c6b000, 0x00000000fae00000)
   the space 33900K,  99% used [0x00000000f4b50000, 0x00000000f6c50b88, 0x00000000f6c50c00, 0x00000000f6c6b000)
 compacting perm gen  total 31680K, used 31382K [0x00000000fae00000, 0x00000000fccf0000, 0x0000000100000000)
   the space 31680K,  99% used [0x00000000fae00000, 0x00000000fcca5a08, 0x00000000fcca5c00, 0x00000000fccf0000)
No shared spaces configured.
}
Event: 135.227 GC heap before
{Heap before GC invocations=1224 (full 5):
 def new generation   total 15488K, used 14309K [0x00000000f1a00000, 0x00000000f2ac0000, 0x00000000f4b50000)
  eden space 13824K,  99% used [0x00000000f1a00000, 0x00000000f2779388, 0x00000000f2780000)
  from space 1664K,  30% used [0x00000000f2920000, 0x00000000f29a00a8, 0x00000000f2ac0000)
  to   space 1664K,   0% used [0x00000000f2780000, 0x00000000f2780000, 0x00000000f2920000)
 tenured generation   total 33900K, used 33794K [0x00000000f4b50000, 0x00000000f6c6b000, 0x00000000fae00000)
   the space 33900K,  99% used [0x00000000f4b50000, 0x00000000f6c50b88, 0x00000000f6c50c00, 0x00000000f6c6b000)
 compacting perm gen  total 31680K, used 31382K [0x00000000fae00000, 0x00000000fccf0000, 0x0000000100000000)
   the space 31680K,  99% used [0x00000000fae00000, 0x00000000fcca5a08, 0x00000000fcca5c00, 0x00000000fccf0000)
No shared spaces configured.
Event: 135.231 GC heap after
Heap after GC invocations=1225 (full 5):
 def new generation   total 15488K, used 491K [0x00000000f1a00000, 0x00000000f2ac0000, 0x00000000f4b50000)
  eden space 13824K,   0% used [0x00000000f1a00000, 0x00000000f1a00000, 0x00000000f2780000)
  from space 1664K,  29% used [0x00000000f2780000, 0x00000000f27fad28, 0x00000000f2920000)
  to   space 1664K,   0% used [0x00000000f2920000, 0x00000000f2920000, 0x00000000f2ac0000)
 tenured generation   total 33900K, used 33846K [0x00000000f4b50000, 0x00000000f6c6b000, 0x00000000fae00000)
   the space 33900K,  99% used [0x00000000f4b50000, 0x00000000f6c5d878, 0x00000000f6c5da00, 0x00000000f6c6b000)
 compacting perm gen  total 31680K, used 31382K [0x00000000fae00000, 0x00000000fccf0000, 0x0000000100000000)
   the space 31680K,  99% used [0x00000000fae00000, 0x00000000fcca5a08, 0x00000000fcca5c00, 0x00000000fccf0000)
No shared spaces configured.
}
Event: 135.351 GC heap before
{Heap before GC invocations=1225 (full 5):
 def new generation   total 15488K, used 14309K [0x00000000f1a00000, 0x00000000f2ac0000, 0x00000000f4b50000)
  eden space 13824K,  99% used [0x00000000f1a00000, 0x00000000f277ea28, 0x00000000f2780000)
  from space 1664K,  29% used [0x00000000f2780000, 0x00000000f27fad28, 0x00000000f2920000)
  to   space 1664K,   0% used [0x00000000f2920000, 0x00000000f2920000, 0x00000000f2ac0000)
 tenured generation   total 33900K, used 33846K [0x00000000f4b50000, 0x00000000f6c6b000, 0x00000000fae00000)
   the space 33900K,  99% used [0x00000000f4b50000, 0x00000000f6c5d878, 0x00000000f6c5da00, 0x00000000f6c6b000)
 compacting perm gen  total 31680K, used 31382K [0x00000000fae00000, 0x00000000fccf0000, 0x0000000100000000)
   the space 31680K,  99% used [0x00000000fae00000, 0x00000000fcca5a08, 0x00000000fcca5c00, 0x00000000fccf0000)
No shared spaces configured.
Event: 135.356 GC heap after
Heap after GC invocations=1226 (full 5):
 def new generation   total 15488K, used 497K [0x00000000f1a00000, 0x00000000f2ac0000, 0x00000000f4b50000)
  eden space 13824K,   0% used [0x00000000f1a00000, 0x00000000f1a00000, 0x00000000f2780000)
  from space 1664K,  29% used [0x00000000f2920000, 0x00000000f299c448, 0x00000000f2ac0000)
  to   space 1664K,   0% used [0x00000000f2780000, 0x00000000f2780000, 0x00000000f2920000)
 tenured generation   total 33900K, used 33876K [0x00000000f4b50000, 0x00000000f6c6b000, 0x00000000fae00000)
   the space 33900K,  99% used [0x00000000f4b50000, 0x00000000f6c65368, 0x00000000f6c65400, 0x00000000f6c6b000)
 compacting perm gen  total 31680K, used 31382K [0x00000000fae00000, 0x00000000fccf0000, 0x0000000100000000)
   the space 31680K,  99% used [0x00000000fae00000, 0x00000000fcca5a08, 0x00000000fcca5c00, 0x00000000fccf0000)
No shared spaces configured.
}
Event: 135.469 GC heap before
{Heap before GC invocations=1226 (full 5):
 def new generation   total 15488K, used 14321K [0x00000000f1a00000, 0x00000000f2ac0000, 0x00000000f4b50000)
  eden space 13824K, 100% used [0x00000000f1a00000, 0x00000000f2780000, 0x00000000f2780000)
  from space 1664K,  29% used [0x00000000f2920000, 0x00000000f299c448, 0x00000000f2ac0000)
  to   space 1664K,   0% used [0x00000000f2780000, 0x00000000f2780000, 0x00000000f2920000)
 tenured generation   total 33900K, used 33876K [0x00000000f4b50000, 0x00000000f6c6b000, 0x00000000fae00000)
   the space 33900K,  99% used [0x00000000f4b50000, 0x00000000f6c65368, 0x00000000f6c65400, 0x00000000f6c6b000)
 compacting perm gen  total 31680K, used 31382K [0x00000000fae00000, 0x00000000fccf0000, 0x0000000100000000)
   the space 31680K,  99% used [0x00000000fae00000, 0x00000000fcca5a08, 0x00000000fcca5c00, 0x00000000fccf0000)
No shared spaces configured.

